WARNING:werkzeug: * Running on all addresses.
   WARNING: This is a development server. Do not use it in a production deployment.
INFO:werkzeug: * Running on http://192.168.68.68:5000/ (Press CTRL+C to quit)
WARNING:werkzeug: * Running on all addresses.
   WARNING: This is a development server. Do not use it in a production deployment.
INFO:werkzeug: * Running on http://192.168.68.68:5000/ (Press CTRL+C to quit)
ERROR:app:Exception on /metrics [GET]
Traceback (most recent call last):
  File "C:\Users\devi_\mypythonproject\lib\site-packages\flask\app.py", line 2077, in wsgi_app
    response = self.full_dispatch_request()
  File "C:\Users\devi_\mypythonproject\lib\site-packages\flask\app.py", line 1525, in full_dispatch_request
    rv = self.handle_user_exception(e)
  File "C:\Users\devi_\mypythonproject\lib\site-packages\flask\app.py", line 1523, in full_dispatch_request
    rv = self.dispatch_request()
  File "C:\Users\devi_\mypythonproject\lib\site-packages\flask\app.py", line 1509, in dispatch_request
    return self.ensure_sync(self.view_functions[rule.endpoint])(**req.view_args)
  File "C:\Users\devi_\nd064_course_1\exercises\python-helloworld\app.py", line 31, in metrics
    app.logging.info("Metrics response returned")
AttributeError: 'Flask' object has no attribute 'logging'
INFO:werkzeug:192.168.68.68 - - [27/Jul/2023 17:05:57] "[35m[1mGET /metrics HTTP/1.1[0m" 500 -
WARNING:werkzeug: * Running on all addresses.
   WARNING: This is a development server. Do not use it in a production deployment.
INFO:werkzeug: * Running on http://192.168.68.68:5000/ (Press CTRL+C to quit)
ERROR:app:Exception on / [GET]
Traceback (most recent call last):
  File "C:\Users\devi_\mypythonproject\lib\site-packages\flask\app.py", line 2077, in wsgi_app
    response = self.full_dispatch_request()
  File "C:\Users\devi_\mypythonproject\lib\site-packages\flask\app.py", line 1525, in full_dispatch_request
    rv = self.handle_user_exception(e)
  File "C:\Users\devi_\mypythonproject\lib\site-packages\flask\app.py", line 1523, in full_dispatch_request
    rv = self.dispatch_request()
  File "C:\Users\devi_\mypythonproject\lib\site-packages\flask\app.py", line 1509, in dispatch_request
    return self.ensure_sync(self.view_functions[rule.endpoint])(**req.view_args)
  File "C:\Users\devi_\nd064_course_1\exercises\python-helloworld\app.py", line 9, in hello
    app.logging.info("Main Request Successfull")
AttributeError: 'Flask' object has no attribute 'logging'
INFO:werkzeug:192.168.68.68 - - [27/Jul/2023 17:09:05] "[35m[1mGET / HTTP/1.1[0m" 500 -
WARNING:werkzeug: * Running on all addresses.
   WARNING: This is a development server. Do not use it in a production deployment.
INFO:werkzeug: * Running on http://192.168.68.65:5000/ (Press CTRL+C to quit)
INFO:app:Main Request Successfull
INFO:werkzeug:192.168.68.65 - - [31/Jul/2023 10:52:48] "GET / HTTP/1.1" 200 -
INFO:app:Status response returned
DEBUG:app:<Response 26 bytes [200 OK]>
INFO:werkzeug:192.168.68.65 - - [31/Jul/2023 10:52:59] "GET /status HTTP/1.1" 200 -
